<?xml version="1.0" encoding="UTF-8"?>
<!-- Generated by org.testng.reporters.JUnitReportReporter -->
<testsuite hostname="DESKTOP-V2QVH0A" failures="0" tests="1" name="orangeHRM.testcases.EmployeeRegistrationTest" time="3.792" errors="0" timestamp="05 Oct 2023 12:58:37 GMT" skipped="0">
  <testcase classname="orangeHRM.testcases.EmployeeRegistrationTest" name="checkEmpReg" time="3.792"/>
</testsuite> <!-- orangeHRM.testcases.EmployeeRegistrationTest -->
