<?xml version="1.0" encoding="UTF-8"?>
<!-- Generated by org.testng.reporters.JUnitReportReporter -->
<testsuite hostname="DESKTOP-V2QVH0A" failures="0" tests="1" name="orangeHRM.testcases.AdminLoginTestwithValidinputs" time="3.652" errors="0" timestamp="05 Oct 2023 12:10:57 GMT" skipped="0">
  <testcase classname="orangeHRM.testcases.AdminLoginTestwithValidinputs" name="checkAdminLogin" time="3.652"/>
</testsuite> <!-- orangeHRM.testcases.AdminLoginTestwithValidinputs -->
