<?xml version="1.0" encoding="UTF-8"?>
<!-- Generated by org.testng.reporters.JUnitReportReporter -->
<testsuite hostname="DESKTOP-V2QVH0A" failures="0" tests="1" name="orangeHRM.testcases.AdminLoginTestWithInvalidInput" time="0.726" errors="0" timestamp="05 Oct 2023 12:10:57 GMT" skipped="0">
  <testcase classname="orangeHRM.testcases.AdminLoginTestWithInvalidInput" name="checkAdminLogin" time="0.726"/>
</testsuite> <!-- orangeHRM.testcases.AdminLoginTestWithInvalidInput -->
